<?xml version="1.0" encoding="UTF-8"?>
<testng-results ignored="0" total="1" passed="1" failed="0" skipped="0">
  <reporter-output>
  </reporter-output>
  <suite started-at="2022-07-06T18:45:09 IST" name="Default suite" finished-at="2022-07-06T18:45:35 IST" duration-ms="25931">
    <groups>
    </groups>
    <test started-at="2022-07-06T18:45:09 IST" name="Default test" finished-at="2022-07-06T18:45:35 IST" duration-ms="25931">
      <class name="maven1TestNG.NewTest1">
        <test-method signature="f()[pri:0, instance:maven1TestNG.NewTest1@53ce1329]" started-at="2022-07-06T18:45:09 IST" name="f" finished-at="2022-07-06T18:45:35 IST" duration-ms="25825" status="PASS">
          <reporter-output>
          </reporter-output>
        </test-method> <!-- f -->
      </class> <!-- maven1TestNG.NewTest1 -->
    </test> <!-- Default test -->
  </suite> <!-- Default suite -->
</testng-results>
